0 info it worked if it ends with ok
1 verbose cli [ 'C:\\Program Files\\nodejs\\\\node.exe',
1 verbose cli   'C:\\Program Files\\nodejs\\node_modules\\npm\\bin\\npm-cli.js',
1 verbose cli   'install',
1 verbose cli   'karma-phantomjs',
1 verbose cli   '--save-dev' ]
2 info using npm@1.4.9
3 info using node@v0.10.28
4 verbose node symlink C:\Program Files\nodejs\\node.exe
5 verbose cache add [ 'karma-phantomjs', null ]
6 verbose cache add name=undefined spec="karma-phantomjs" args=["karma-phantomjs",null]
7 verbose parsed url { protocol: null,
7 verbose parsed url   slashes: null,
7 verbose parsed url   auth: null,
7 verbose parsed url   host: null,
7 verbose parsed url   port: null,
7 verbose parsed url   hostname: null,
7 verbose parsed url   hash: null,
7 verbose parsed url   search: null,
7 verbose parsed url   query: null,
7 verbose parsed url   pathname: 'karma-phantomjs',
7 verbose parsed url   path: 'karma-phantomjs',
7 verbose parsed url   href: 'karma-phantomjs' }
8 silly lockFile bfdc01e5-karma-phantomjs karma-phantomjs
9 verbose lock karma-phantomjs C:\Users\Devlin\AppData\Roaming\npm-cache\bfdc01e5-karma-phantomjs.lock
10 silly lockFile bfdc01e5-karma-phantomjs karma-phantomjs
11 silly lockFile bfdc01e5-karma-phantomjs karma-phantomjs
12 verbose addNamed [ 'karma-phantomjs', '' ]
13 verbose addNamed [ null, '*' ]
14 silly lockFile 8dd17393-karma-phantomjs karma-phantomjs@
15 verbose lock karma-phantomjs@ C:\Users\Devlin\AppData\Roaming\npm-cache\8dd17393-karma-phantomjs.lock
16 silly addNameRange { name: 'karma-phantomjs', range: '*', hasData: false }
17 verbose url raw karma-phantomjs
18 verbose url resolving [ 'https://registry.npmjs.org/', './karma-phantomjs' ]
19 verbose url resolved https://registry.npmjs.org/karma-phantomjs
20 info trying registry request attempt 1 at 15:15:26
21 http GET https://registry.npmjs.org/karma-phantomjs
22 http 404 https://registry.npmjs.org/karma-phantomjs
23 verbose headers { date: 'Fri, 23 May 2014 20:15:23 GMT',
23 verbose headers   server: 'CouchDB/1.5.0 (Erlang OTP/R14B04)',
23 verbose headers   'content-type': 'application/json',
23 verbose headers   via: '1.1 varnish',
23 verbose headers   'cache-control': 'max-age=0',
23 verbose headers   'content-length': '52',
23 verbose headers   'accept-ranges': 'bytes',
23 verbose headers   age: '0',
23 verbose headers   'x-served-by': 'cache-v44-ASH, cache-c48-CHI',
23 verbose headers   'x-cache': 'MISS, MISS',
23 verbose headers   'x-cache-hits': '0, 0',
23 verbose headers   'x-timer': 'S1400876123.217474,VS0,VE36',
23 verbose headers   'keep-alive': 'timeout=10, max=50',
23 verbose headers   connection: 'Keep-Alive' }
24 silly registry.get cb [ 404,
24 silly registry.get   { date: 'Fri, 23 May 2014 20:15:23 GMT',
24 silly registry.get     server: 'CouchDB/1.5.0 (Erlang OTP/R14B04)',
24 silly registry.get     'content-type': 'application/json',
24 silly registry.get     via: '1.1 varnish',
24 silly registry.get     'cache-control': 'max-age=0',
24 silly registry.get     'content-length': '52',
24 silly registry.get     'accept-ranges': 'bytes',
24 silly registry.get     age: '0',
24 silly registry.get     'x-served-by': 'cache-v44-ASH, cache-c48-CHI',
24 silly registry.get     'x-cache': 'MISS, MISS',
24 silly registry.get     'x-cache-hits': '0, 0',
24 silly registry.get     'x-timer': 'S1400876123.217474,VS0,VE36',
24 silly registry.get     'keep-alive': 'timeout=10, max=50',
24 silly registry.get     connection: 'Keep-Alive' } ]
25 silly lockFile 8dd17393-karma-phantomjs karma-phantomjs@
26 silly lockFile 8dd17393-karma-phantomjs karma-phantomjs@
27 error 404 404 Not Found: karma-phantomjs
27 error 404
27 error 404 'karma-phantomjs' is not in the npm registry.
27 error 404 You should bug the author to publish it
27 error 404
27 error 404 Note that you can also install from a
27 error 404 tarball, folder, or http url, or git url.
28 error System Windows_NT 6.2.9200
29 error command "C:\\Program Files\\nodejs\\\\node.exe" "C:\\Program Files\\nodejs\\node_modules\\npm\\bin\\npm-cli.js" "install" "karma-phantomjs" "--save-dev"
30 error cwd C:\Code\Fun\JediTraining
31 error node -v v0.10.28
32 error npm -v 1.4.9
33 error code E404
34 verbose exit [ 1, true ]
